> Task :compileJava
> Task :processResources NO-SOURCE
> Task :classes
> Task :compileTestJava
> Task :processTestResources NO-SOURCE
> Task :testClasses

> Task :test

SampleTests > failing() FAILED
    org.opentest4j.AssertionFailedError at SampleTests.java:21

SampleTests > flaky() FAILED
    java.lang.RuntimeException at SampleTests.java:16

SampleTests > failing() FAILED
    org.opentest4j.AssertionFailedError at SampleTests.java:21

SampleTests > failing() FAILED
    org.opentest4j.AssertionFailedError at SampleTests.java:21

6 tests completed, 4 failed

> Task :test FAILED

FAILURE: Build failed with an exception.

* What went wrong:
Execution failed for task ':test'.
> There were failing tests. See the report at: file:///build/reports/tests/test/index.html

* Try:
Run with --stacktrace option to get the stack trace. Run with --info or --debug option to get more log output. Run with --scan to get full insights.

* Get more help at https://help.gradle.org

BUILD FAILED in 0s
3 actionable tasks: 3 executed
